logger=licensing t=2023-01-06T09:26:08.1155997+01:00 level=info msg="Validated license token" appURL=http://localhost:3000/ source=disk status=NotFound
logger=licensing.renewal t=2023-01-06T09:26:08.1180984+01:00 level=warn msg="failed to load or validate token" err="license token file not found: C:\\Program Files\\GrafanaLabs\\grafana\\data\\license.jwt"
logger=cleanup t=2023-01-06T09:26:08.1290954+01:00 level=info msg="Completed cleanup jobs" duration=97.0432ms
logger=context userId=1 orgId=1 uname=admin t=2023-01-06T09:31:39.7984903+01:00 level=info msg="Request Completed" method=GET path=/login status=302 remote_addr=[::1] time_ms=35 duration=35.3419ms size=24 referer= handler=/login
logger=context userId=1 orgId=1 uname=admin t=2023-01-06T09:31:40.8659427+01:00 level=info msg="Request Completed" method=GET path=/api/live/ws status=-1 remote_addr=[::1] time_ms=3 duration=3.2215ms size=0 referer= handler=/api/live/ws
logger=cleanup t=2023-01-06T09:32:39.6668116+01:00 level=info msg="Completed cleanup jobs" duration=3.0197ms
logger=cleanup t=2023-01-06T09:42:39.6747814+01:00 level=info msg="Completed cleanup jobs" duration=11.8039ms
logger=cleanup t=2023-01-06T09:52:39.7805872+01:00 level=info msg="Completed cleanup jobs" duration=9.0805ms
logger=licensing t=2023-01-06T10:02:39.9041461+01:00 level=info msg="Validated license token" appURL=http://localhost:3000/ source=disk status=NotFound
logger=licensing.renewal t=2023-01-06T10:02:39.9041461+01:00 level=warn msg="failed to load or validate token" err="license token file not found: C:\\Program Files\\GrafanaLabs\\grafana\\data\\license.jwt"
logger=cleanup t=2023-01-06T10:02:39.921918+01:00 level=info msg="Completed cleanup jobs" duration=18.2366ms
logger=cleanup t=2023-01-06T10:12:40.014743+01:00 level=info msg="Completed cleanup jobs" duration=13.3193ms
logger=cleanup t=2023-01-06T10:22:40.0963646+01:00 level=info msg="Completed cleanup jobs" duration=8.589ms
logger=cleanup t=2023-01-06T10:32:40.1670252+01:00 level=info msg="Completed cleanup jobs" duration=10.0565ms
logger=cleanup t=2023-01-06T10:42:40.2222675+01:00 level=info msg="Completed cleanup jobs" duration=8.1082ms
logger=cleanup t=2023-01-06T10:52:40.2730705+01:00 level=info msg="Completed cleanup jobs" duration=10.0154ms
logger=context userId=1 orgId=1 uname=admin t=2023-01-06T10:53:03.3595324+01:00 level=info msg="Request Completed" method=GET path=/api/live/ws status=-1 remote_addr=[::1] time_ms=1 duration=1.5011ms size=0 referer= handler=/api/live/ws
logger=live t=2023-01-06T10:54:03.5653377+01:00 level=info msg="Initialized channel handler" channel=grafana/dashboard/uid/-g4vg4hVz address=grafana/dashboard/uid/-g4vg4hVz
logger=context userId=1 orgId=1 uname=admin t=2023-01-06T11:00:54.6620998+01:00 level=info msg="Request Completed" method=GET path=/api/live/ws status=-1 remote_addr=[::1] time_ms=1 duration=1.9957ms size=0 referer= handler=/api/live/ws
logger=sqlstore.transactions t=2023-01-06T11:02:40.3108258+01:00 level=info msg="Database locked, sleeping then retrying" error="database is locked" retry=0 code="database is locked"
logger=licensing t=2023-01-06T11:02:40.316326+01:00 level=info msg="Validated license token" appURL=http://localhost:3000/ source=disk status=NotFound
logger=licensing.renewal t=2023-01-06T11:02:40.316326+01:00 level=warn msg="failed to load or validate token" err="license token file not found: C:\\Program Files\\GrafanaLabs\\grafana\\data\\license.jwt"
logger=cleanup t=2023-01-06T11:02:40.3483136+01:00 level=info msg="Completed cleanup jobs" duration=49.2897ms
logger=infra.usagestats t=2023-01-06T11:02:40.6204967+01:00 level=info msg="Sent usage stats" duration=321.4566ms
logger=context userId=1 orgId=1 uname=admin t=2023-01-06T11:11:52.2294366+01:00 level=info msg="Request Completed" method=GET path=/api/datasources/proxy/1/query status=400 remote_addr=[::1] time_ms=3 duration=3.5062ms size=123 referer="http://localhost:3000/dashboard/new?editPanel=2&orgId=1" handler=/api/datasources/proxy/:id/*
logger=context userId=1 orgId=1 uname=admin t=2023-01-06T11:11:54.3674907+01:00 level=info msg="Request Completed" method=GET path=/api/datasources/proxy/1/query status=400 remote_addr=[::1] time_ms=1 duration=1.9985ms size=127 referer="http://localhost:3000/dashboard/new?editPanel=2&orgId=1" handler=/api/datasources/proxy/:id/*
logger=context userId=1 orgId=1 uname=admin t=2023-01-06T11:11:55.8252816+01:00 level=info msg="Request Completed" method=GET path=/api/datasources/proxy/1/query status=400 remote_addr=[::1] time_ms=2 duration=2.5001ms size=127 referer="http://localhost:3000/dashboard/new?editPanel=2&orgId=1" handler=/api/datasources/proxy/:id/*
logger=context userId=1 orgId=1 uname=admin t=2023-01-06T11:12:27.1249174+01:00 level=info msg="Request Completed" method=GET path=/api/datasources/proxy/1/query status=400 remote_addr=[::1] time_ms=5 duration=5.0233ms size=93 referer="http://localhost:3000/dashboard/new?editPanel=2&from=now-5m&orgId=1&to=now" handler=/api/datasources/proxy/:id/*
logger=context userId=1 orgId=1 uname=admin t=2023-01-06T11:12:32.2382045+01:00 level=info msg="Request Completed" method=GET path=/api/datasources/proxy/1/query status=400 remote_addr=[::1] time_ms=3 duration=3.0577ms size=93 referer="http://localhost:3000/dashboard/new?editPanel=2&from=now-5m&orgId=1&to=now" handler=/api/datasources/proxy/:id/*
logger=cleanup t=2023-01-06T11:12:40.3410506+01:00 level=info msg="Completed cleanup jobs" duration=8.4545ms
logger=context userId=1 orgId=1 uname=admin t=2023-01-06T11:12:45.3549279+01:00 level=info msg="Request Completed" method=GET path=/api/datasources/proxy/1/query status=400 remote_addr=[::1] time_ms=2 duration=2.5117ms size=95 referer="http://localhost:3000/dashboard/new?editPanel=2&from=now-5m&orgId=1&to=now" handler=/api/datasources/proxy/:id/*
logger=context userId=1 orgId=1 uname=admin t=2023-01-06T11:12:50.1071595+01:00 level=info msg="Request Completed" method=GET path=/api/datasources/proxy/1/query status=400 remote_addr=[::1] time_ms=3 duration=3.4809ms size=179 referer="http://localhost:3000/dashboard/new?editPanel=2&from=now-5m&orgId=1&to=now" handler=/api/datasources/proxy/:id/*
logger=context userId=1 orgId=1 uname=admin t=2023-01-06T11:13:05.4421269+01:00 level=info msg="Request Completed" method=GET path=/api/datasources/proxy/1/query status=400 remote_addr=[::1] time_ms=5 duration=5.5032ms size=93 referer="http://localhost:3000/dashboard/new?editPanel=2&from=now-5m&orgId=1&to=now" handler=/api/datasources/proxy/:id/*
logger=live t=2023-01-06T11:14:32.9971062+01:00 level=info msg="Initialized channel handler" channel=grafana/dashboard/uid/VYE2zV2Vz address=grafana/dashboard/uid/VYE2zV2Vz
logger=cleanup t=2023-01-06T11:22:40.3664176+01:00 level=info msg="Completed cleanup jobs" duration=8.4502ms
logger=cleanup t=2023-01-06T11:32:40.3922774+01:00 level=info msg="Completed cleanup jobs" duration=12.4005ms
logger=cleanup t=2023-01-06T11:42:40.4104559+01:00 level=info msg="Completed cleanup jobs" duration=13.4732ms
logger=cleanup t=2023-01-06T11:52:40.4210041+01:00 level=info msg="Completed cleanup jobs" duration=9.4319ms
logger=licensing t=2023-01-06T12:02:40.4319949+01:00 level=info msg="Validated license token" appURL=http://localhost:3000/ source=disk status=NotFound
logger=licensing.renewal t=2023-01-06T12:02:40.4319949+01:00 level=warn msg="failed to load or validate token" err="license token file not found: C:\\Program Files\\GrafanaLabs\\grafana\\data\\license.jwt"
logger=cleanup t=2023-01-06T12:02:40.4409942+01:00 level=info msg="Completed cleanup jobs" duration=16.9397ms
logger=cleanup t=2023-01-06T12:12:40.4455917+01:00 level=info msg="Completed cleanup jobs" duration=12.9732ms
logger=cleanup t=2023-01-06T12:22:40.4500046+01:00 level=info msg="Completed cleanup jobs" duration=8.4016ms
logger=cleanup t=2023-01-06T12:32:40.461241+01:00 level=info msg="Completed cleanup jobs" duration=13.1226ms
logger=context userId=1 orgId=1 uname=admin t=2023-01-06T12:40:12.7497341+01:00 level=error msg="Failed to rotate token" error="context canceled"
logger=cleanup t=2023-01-06T12:42:40.4654234+01:00 level=info msg="Completed cleanup jobs" duration=11.9836ms
logger=cleanup t=2023-01-06T12:52:40.4669129+01:00 level=info msg="Completed cleanup jobs" duration=9.3428ms
logger=cleanup t=2023-01-06T13:02:40.4793379+01:00 level=info msg="Completed cleanup jobs" duration=17.0854ms
logger=licensing t=2023-01-06T13:02:40.4798386+01:00 level=info msg="Validated license token" appURL=http://localhost:3000/ source=disk status=NotFound
logger=licensing.renewal t=2023-01-06T13:02:40.4798386+01:00 level=warn msg="failed to load or validate token" err="license token file not found: C:\\Program Files\\GrafanaLabs\\grafana\\data\\license.jwt"
logger=cleanup t=2023-01-06T13:12:40.4744208+01:00 level=info msg="Completed cleanup jobs" duration=9.4377ms
logger=cleanup t=2023-01-06T13:22:40.4782137+01:00 level=info msg="Completed cleanup jobs" duration=10.8442ms
logger=cleanup t=2023-01-06T13:32:40.4787524+01:00 level=info msg="Completed cleanup jobs" duration=9.4623ms
logger=cleanup t=2023-01-06T13:42:40.4793507+01:00 level=info msg="Completed cleanup jobs" duration=9.0727ms
logger=cleanup t=2023-01-06T13:52:40.4814212+01:00 level=info msg="Completed cleanup jobs" duration=8.9727ms
logger=licensing t=2023-01-06T14:02:40.4801899+01:00 level=info msg="Validated license token" appURL=http://localhost:3000/ source=disk status=NotFound
logger=licensing.renewal t=2023-01-06T14:02:40.4801899+01:00 level=warn msg="failed to load or validate token" err="license token file not found: C:\\Program Files\\GrafanaLabs\\grafana\\data\\license.jwt"
logger=cleanup t=2023-01-06T14:02:40.4911942+01:00 level=info msg="Completed cleanup jobs" duration=18.4872ms
logger=context userId=1 orgId=1 uname=admin t=2023-01-06T14:08:00.2801864+01:00 level=info msg="Request Completed" method=GET path=/api/live/ws status=-1 remote_addr=[::1] time_ms=1 duration=1.2392ms size=0 referer= handler=/api/live/ws
logger=cleanup t=2023-01-06T14:12:40.4874214+01:00 level=info msg="Completed cleanup jobs" duration=12.9798ms
logger=cleanup t=2023-01-06T14:22:40.4838834+01:00 level=info msg="Completed cleanup jobs" duration=9.0156ms
logger=cleanup t=2023-01-06T14:32:40.4849697+01:00 level=info msg="Completed cleanup jobs" duration=9.0388ms
logger=cleanup t=2023-01-06T14:42:40.4889178+01:00 level=info msg="Completed cleanup jobs" duration=12.9059ms
logger=cleanup t=2023-01-06T14:52:40.4853257+01:00 level=info msg="Completed cleanup jobs" duration=8.9028ms
logger=licensing t=2023-01-06T15:02:40.4922596+01:00 level=info msg="Validated license token" appURL=http://localhost:3000/ source=disk status=NotFound
logger=licensing.renewal t=2023-01-06T15:02:40.4922596+01:00 level=warn msg="failed to load or validate token" err="license token file not found: C:\\Program Files\\GrafanaLabs\\grafana\\data\\license.jwt"
logger=sqlstore.transactions t=2023-01-06T15:02:40.5117582+01:00 level=info msg="Database locked, sleeping then retrying" error="database is locked" retry=0 code="database is locked"
logger=cleanup t=2023-01-06T15:02:40.5117582+01:00 level=info msg="Completed cleanup jobs" duration=34.8401ms
logger=context userId=1 orgId=1 uname=admin t=2023-01-06T15:04:19.6107593+01:00 level=error msg= error="context canceled" traceID=
logger=context userId=1 orgId=1 uname=admin t=2023-01-06T15:04:19.6107593+01:00 level=info msg="Request Completed" method=GET path=/api/annotations status=403 remote_addr=[::1] time_ms=11 duration=11.0086ms size=15 referer="http://localhost:3000/d/VYE2zV2Vz/new-dashboard?orgId=1&refresh=5s"
logger=context userId=1 orgId=1 uname=admin t=2023-01-06T15:04:19.6112524+01:00 level=error msg="Failed to update last_seen_at" error="rolling back transaction due to error failed: cannot rollback - no transaction is active: context canceled"
logger=context userId=1 orgId=1 uname=admin t=2023-01-06T15:04:19.6117509+01:00 level=error msg= error="context canceled" traceID=
logger=context userId=1 orgId=1 uname=admin t=2023-01-06T15:04:19.6117509+01:00 level=info msg="Request Completed" method=GET path=/api/datasources/proxy/1/query status=403 remote_addr=[::1] time_ms=9 duration=9.4976ms size=15 referer="http://localhost:3000/d/VYE2zV2Vz/new-dashboard?orgId=1&refresh=5s"
logger=context t=2023-01-06T15:04:19.620257+01:00 level=warn msg="failed to look up session from cookie" error="context canceled"
logger=context userId=0 orgId=0 uname= t=2023-01-06T15:04:19.6207589+01:00 level=error msg= error="context canceled" traceID=
logger=context userId=0 orgId=0 uname= t=2023-01-06T15:04:19.6207589+01:00 level=info msg="Request Completed" method=GET path=/api/datasources/proxy/1/query status=403 remote_addr=[::1] time_ms=18 duration=18.5056ms size=15 referer="http://localhost:3000/d/VYE2zV2Vz/new-dashboard?orgId=1&refresh=5s"
logger=cleanup t=2023-01-06T15:12:40.4882035+01:00 level=info msg="Completed cleanup jobs" duration=10.9421ms
logger=cleanup t=2023-01-06T15:22:40.486712+01:00 level=info msg="Completed cleanup jobs" duration=9.4018ms
logger=context userId=1 orgId=1 uname=admin t=2023-01-06T15:25:18.561084+01:00 level=info msg="Request Completed" method=GET path=/api/live/ws status=-1 remote_addr=[::1] time_ms=1 duration=1.5027ms size=0 referer= handler=/api/live/ws
logger=licensing t=2023-01-06T19:36:54.8927014+01:00 level=info msg="Validated license token" appURL=http://localhost:3000/ source=disk status=NotFound
logger=licensing.renewal t=2023-01-06T19:36:54.8932032+01:00 level=warn msg="failed to load or validate token" err="license token file not found: C:\\Program Files\\GrafanaLabs\\grafana\\data\\license.jwt"
logger=cleanup t=2023-01-06T19:36:54.9247009+01:00 level=info msg="Completed cleanup jobs" duration=81.2574ms
logger=cleanup t=2023-01-06T19:42:41.9464648+01:00 level=info msg="Completed cleanup jobs" duration=1.9762ms
logger=context userId=1 orgId=1 uname=admin t=2023-01-06T19:44:32.1729166+01:00 level=info msg="Request Completed" method=GET path=/login status=302 remote_addr=[::1] time_ms=13 duration=13.8369ms size=24 referer= handler=/login
logger=context userId=1 orgId=1 uname=admin t=2023-01-06T19:44:32.7107535+01:00 level=info msg="Request Completed" method=GET path=/api/live/ws status=-1 remote_addr=[::1] time_ms=1 duration=1.3627ms size=0 referer= handler=/api/live/ws
logger=data-proxy-log userId=1 orgId=1 uname=admin path=/api/datasources/proxy/1/query remote_addr=[::1] referer="http://localhost:3000/d/VYE2zV2Vz/new-dashboard?orgId=1&refresh=5s" t=2023-01-06T19:44:40.5365454+01:00 level=error msg="Proxy request failed" err="dial tcp [::1]:8086: connectex: No connection could be made because the target machine actively refused it."
logger=data-proxy-log userId=1 orgId=1 uname=admin path=/api/datasources/proxy/1/query remote_addr=[::1] referer="http://localhost:3000/d/VYE2zV2Vz/new-dashboard?orgId=1&refresh=5s" t=2023-01-06T19:44:40.5365454+01:00 level=error msg="Proxy request failed" err="dial tcp [::1]:8086: connectex: No connection could be made because the target machine actively refused it."
logger=context userId=1 orgId=1 uname=admin t=2023-01-06T19:44:40.5377979+01:00 level=error msg="Request Completed" method=GET path=/api/datasources/proxy/1/query status=502 remote_addr=[::1] time_ms=2305 duration=2.3054072s size=0 referer="http://localhost:3000/d/VYE2zV2Vz/new-dashboard?orgId=1&refresh=5s" handler=/api/datasources/proxy/:id/*
logger=context userId=1 orgId=1 uname=admin t=2023-01-06T19:44:40.5377979+01:00 level=error msg="Request Completed" method=GET path=/api/datasources/proxy/1/query status=502 remote_addr=[::1] time_ms=2304 duration=2.3044102s size=0 referer="http://localhost:3000/d/VYE2zV2Vz/new-dashboard?orgId=1&refresh=5s" handler=/api/datasources/proxy/:id/*
logger=data-proxy-log userId=1 orgId=1 uname=admin path=/api/datasources/proxy/1/query remote_addr=[::1] referer="http://localhost:3000/d/VYE2zV2Vz/new-dashboard?orgId=1&refresh=5s" t=2023-01-06T19:44:45.4804741+01:00 level=error msg="Proxy request failed" err="dial tcp [::1]:8086: connectex: No connection could be made because the target machine actively refused it."
logger=context userId=1 orgId=1 uname=admin t=2023-01-06T19:44:45.4807039+01:00 level=error msg="Request Completed" method=GET path=/api/datasources/proxy/1/query status=502 remote_addr=[::1] time_ms=2301 duration=2.3018176s size=0 referer="http://localhost:3000/d/VYE2zV2Vz/new-dashboard?orgId=1&refresh=5s" handler=/api/datasources/proxy/:id/*
logger=data-proxy-log userId=1 orgId=1 uname=admin path=/api/datasources/proxy/1/query remote_addr=[::1] referer="http://localhost:3000/d/VYE2zV2Vz/new-dashboard?orgId=1&refresh=5s" t=2023-01-06T19:44:45.487975+01:00 level=error msg="Proxy request failed" err="dial tcp [::1]:8086: connectex: No connection could be made because the target machine actively refused it."
logger=context userId=1 orgId=1 uname=admin t=2023-01-06T19:44:45.487975+01:00 level=error msg="Request Completed" method=GET path=/api/datasources/proxy/1/query status=502 remote_addr=[::1] time_ms=2308 duration=2.308587s size=0 referer="http://localhost:3000/d/VYE2zV2Vz/new-dashboard?orgId=1&refresh=5s" handler=/api/datasources/proxy/:id/*
logger=data-proxy-log userId=1 orgId=1 uname=admin path=/api/datasources/proxy/1/query remote_addr=[::1] referer="http://localhost:3000/d/VYE2zV2Vz/new-dashboard?orgId=1&refresh=5s" t=2023-01-06T19:44:50.4902781+01:00 level=error msg="Proxy request failed" err="dial tcp [::1]:8086: connectex: No connection could be made because the target machine actively refused it."
logger=data-proxy-log userId=1 orgId=1 uname=admin path=/api/datasources/proxy/1/query remote_addr=[::1] referer="http://localhost:3000/d/VYE2zV2Vz/new-dashboard?orgId=1&refresh=5s" t=2023-01-06T19:44:50.4902781+01:00 level=error msg="Proxy request failed" err="dial tcp [::1]:8086: connectex: No connection could be made because the target machine actively refused it."
logger=context userId=1 orgId=1 uname=admin t=2023-01-06T19:44:50.4902781+01:00 level=error msg="Request Completed" method=GET path=/api/datasources/proxy/1/query status=502 remote_addr=[::1] time_ms=2304 duration=2.3042031s size=0 referer="http://localhost:3000/d/VYE2zV2Vz/new-dashboard?orgId=1&refresh=5s" handler=/api/datasources/proxy/:id/*
logger=context userId=1 orgId=1 uname=admin t=2023-01-06T19:44:50.4902781+01:00 level=error msg="Request Completed" method=GET path=/api/datasources/proxy/1/query status=502 remote_addr=[::1] time_ms=2304 duration=2.3046889s size=0 referer="http://localhost:3000/d/VYE2zV2Vz/new-dashboard?orgId=1&refresh=5s" handler=/api/datasources/proxy/:id/*
logger=data-proxy-log userId=1 orgId=1 uname=admin path=/api/datasources/proxy/1/query remote_addr=[::1] referer="http://localhost:3000/d/VYE2zV2Vz/new-dashboard?orgId=1&refresh=5s" t=2023-01-06T19:44:55.4979449+01:00 level=error msg="Proxy request failed" err="dial tcp [::1]:8086: connectex: No connection could be made because the target machine actively refused it."
logger=data-proxy-log userId=1 orgId=1 uname=admin path=/api/datasources/proxy/1/query remote_addr=[::1] referer="http://localhost:3000/d/VYE2zV2Vz/new-dashboard?orgId=1&refresh=5s" t=2023-01-06T19:44:55.4979449+01:00 level=error msg="Proxy request failed" err="dial tcp [::1]:8086: connectex: No connection could be made because the target machine actively refused it."
logger=context userId=1 orgId=1 uname=admin t=2023-01-06T19:44:55.4979449+01:00 level=error msg="Request Completed" method=GET path=/api/datasources/proxy/1/query status=502 remote_addr=[::1] time_ms=2305 duration=2.3050096s size=0 referer="http://localhost:3000/d/VYE2zV2Vz/new-dashboard?orgId=1&refresh=5s" handler=/api/datasources/proxy/:id/*
logger=context userId=1 orgId=1 uname=admin t=2023-01-06T19:44:55.4979449+01:00 level=error msg="Request Completed" method=GET path=/api/datasources/proxy/1/query status=502 remote_addr=[::1] time_ms=2305 duration=2.3050096s size=0 referer="http://localhost:3000/d/VYE2zV2Vz/new-dashboard?orgId=1&refresh=5s" handler=/api/datasources/proxy/:id/*
logger=data-proxy-log userId=1 orgId=1 uname=admin path=/api/datasources/proxy/1/query remote_addr=[::1] referer="http://localhost:3000/d/VYE2zV2Vz/new-dashboard?orgId=1&refresh=5s" t=2023-01-06T19:45:00.5043299+01:00 level=error msg="Proxy request failed" err="dial tcp [::1]:8086: connectex: No connection could be made because the target machine actively refused it."
logger=data-proxy-log userId=1 orgId=1 uname=admin path=/api/datasources/proxy/1/query remote_addr=[::1] referer="http://localhost:3000/d/VYE2zV2Vz/new-dashboard?orgId=1&refresh=5s" t=2023-01-06T19:45:00.5048578+01:00 level=error msg="Proxy request failed" err="dial tcp [::1]:8086: connectex: No connection could be made because the target machine actively refused it."
logger=context userId=1 orgId=1 uname=admin t=2023-01-06T19:45:00.5048578+01:00 level=error msg="Request Completed" method=GET path=/api/datasources/proxy/1/query status=502 remote_addr=[::1] time_ms=2302 duration=2.3029435s size=0 referer="http://localhost:3000/d/VYE2zV2Vz/new-dashboard?orgId=1&refresh=5s" handler=/api/datasources/proxy/:id/*
logger=context userId=1 orgId=1 uname=admin t=2023-01-06T19:45:00.5048578+01:00 level=error msg="Request Completed" method=GET path=/api/datasources/proxy/1/query status=502 remote_addr=[::1] time_ms=2301 duration=2.301957s size=0 referer="http://localhost:3000/d/VYE2zV2Vz/new-dashboard?orgId=1&refresh=5s" handler=/api/datasources/proxy/:id/*
logger=data-proxy-log userId=1 orgId=1 uname=admin path=/api/datasources/proxy/1/query remote_addr=[::1] referer="http://localhost:3000/d/VYE2zV2Vz/new-dashboard?orgId=1&refresh=5s" t=2023-01-06T19:45:05.508547+01:00 level=error msg="Proxy request failed" err="dial tcp [::1]:8086: connectex: No connection could be made because the target machine actively refused it."
logger=context userId=1 orgId=1 uname=admin t=2023-01-06T19:45:05.508765+01:00 level=error msg="Request Completed" method=GET path=/api/datasources/proxy/1/query status=502 remote_addr=[::1] time_ms=2303 duration=2.3034742s size=0 referer="http://localhost:3000/d/VYE2zV2Vz/new-dashboard?orgId=1&refresh=5s" handler=/api/datasources/proxy/:id/*
logger=data-proxy-log userId=1 orgId=1 uname=admin path=/api/datasources/proxy/1/query remote_addr=[::1] referer="http://localhost:3000/d/VYE2zV2Vz/new-dashboard?orgId=1&refresh=5s" t=2023-01-06T19:45:05.5107452+01:00 level=error msg="Proxy request failed" err="dial tcp [::1]:8086: connectex: No connection could be made because the target machine actively refused it."
logger=context userId=1 orgId=1 uname=admin t=2023-01-06T19:45:05.5107452+01:00 level=error msg="Request Completed" method=GET path=/api/datasources/proxy/1/query status=502 remote_addr=[::1] time_ms=2305 duration=2.3054544s size=0 referer="http://localhost:3000/d/VYE2zV2Vz/new-dashboard?orgId=1&refresh=5s" handler=/api/datasources/proxy/:id/*
logger=data-proxy-log userId=1 orgId=1 uname=admin path=/api/datasources/proxy/1/query remote_addr=[::1] referer="http://localhost:3000/d/VYE2zV2Vz/new-dashboard?orgId=1&refresh=5s" t=2023-01-06T19:45:10.5124977+01:00 level=error msg="Proxy request failed" err="dial tcp [::1]:8086: connectex: No connection could be made because the target machine actively refused it."
logger=data-proxy-log userId=1 orgId=1 uname=admin path=/api/datasources/proxy/1/query remote_addr=[::1] referer="http://localhost:3000/d/VYE2zV2Vz/new-dashboard?orgId=1&refresh=5s" t=2023-01-06T19:45:10.5124977+01:00 level=error msg="Proxy request failed" err="dial tcp [::1]:8086: connectex: No connection could be made because the target machine actively refused it."
logger=context userId=1 orgId=1 uname=admin t=2023-01-06T19:45:10.5127147+01:00 level=error msg="Request Completed" method=GET path=/api/datasources/proxy/1/query status=502 remote_addr=[::1] time_ms=2304 duration=2.3042581s size=0 referer="http://localhost:3000/d/VYE2zV2Vz/new-dashboard?orgId=1&refresh=5s" handler=/api/datasources/proxy/:id/*
logger=context userId=1 orgId=1 uname=admin t=2023-01-06T19:45:10.5127147+01:00 level=error msg="Request Completed" method=GET path=/api/datasources/proxy/1/query status=502 remote_addr=[::1] time_ms=2303 duration=2.3037496s size=0 referer="http://localhost:3000/d/VYE2zV2Vz/new-dashboard?orgId=1&refresh=5s" handler=/api/datasources/proxy/:id/*
logger=data-proxy-log userId=1 orgId=1 uname=admin path=/api/datasources/proxy/1/query remote_addr=[::1] referer="http://localhost:3000/d/VYE2zV2Vz/new-dashboard?orgId=1&refresh=5s" t=2023-01-06T19:45:15.5215425+01:00 level=error msg="Proxy request failed" err="dial tcp [::1]:8086: connectex: No connection could be made because the target machine actively refused it."
logger=context userId=1 orgId=1 uname=admin t=2023-01-06T19:45:15.5215425+01:00 level=error msg="Request Completed" method=GET path=/api/datasources/proxy/1/query status=502 remote_addr=[::1] time_ms=2304 duration=2.3043917s size=0 referer="http://localhost:3000/d/VYE2zV2Vz/new-dashboard?orgId=1&refresh=5s" handler=/api/datasources/proxy/:id/*
logger=data-proxy-log userId=1 orgId=1 uname=admin path=/api/datasources/proxy/1/query remote_addr=[::1] referer="http://localhost:3000/d/VYE2zV2Vz/new-dashboard?orgId=1&refresh=5s" t=2023-01-06T19:45:15.5235151+01:00 level=error msg="Proxy request failed" err="dial tcp [::1]:8086: connectex: No connection could be made because the target machine actively refused it."
logger=context userId=1 orgId=1 uname=admin t=2023-01-06T19:45:15.5235151+01:00 level=error msg="Request Completed" method=GET path=/api/datasources/proxy/1/query status=502 remote_addr=[::1] time_ms=2305 duration=2.305368s size=0 referer="http://localhost:3000/d/VYE2zV2Vz/new-dashboard?orgId=1&refresh=5s" handler=/api/datasources/proxy/:id/*
logger=data-proxy-log userId=1 orgId=1 uname=admin path=/api/datasources/proxy/1/query remote_addr=[::1] referer="http://localhost:3000/dashboard/new?orgId=1&editPanel=2" t=2023-01-06T19:45:32.3769302+01:00 level=error msg="Proxy request failed" err="dial tcp [::1]:8086: connectex: No connection could be made because the target machine actively refused it."
logger=context userId=1 orgId=1 uname=admin t=2023-01-06T19:45:32.3771839+01:00 level=error msg="Request Completed" method=GET path=/api/datasources/proxy/1/query status=502 remote_addr=[::1] time_ms=2304 duration=2.3043397s size=0 referer="http://localhost:3000/dashboard/new?editPanel=2&orgId=1" handler=/api/datasources/proxy/:id/*
logger=data-proxy-log userId=1 orgId=1 uname=admin path=/api/datasources/proxy/1/query remote_addr=[::1] referer="http://localhost:3000/dashboard/new?orgId=1&editPanel=2" t=2023-01-06T19:45:32.3885487+01:00 level=error msg="Proxy request failed" err="dial tcp [::1]:8086: connectex: No connection could be made because the target machine actively refused it."
logger=context userId=1 orgId=1 uname=admin t=2023-01-06T19:45:32.3885487+01:00 level=error msg="Request Completed" method=GET path=/api/datasources/proxy/1/query status=502 remote_addr=[::1] time_ms=2302 duration=2.3026882s size=0 referer="http://localhost:3000/dashboard/new?editPanel=2&orgId=1" handler=/api/datasources/proxy/:id/*
logger=data-proxy-log userId=1 orgId=1 uname=admin path=/api/datasources/proxy/1/query remote_addr=[::1] referer="http://localhost:3000/dashboard/new?orgId=1" t=2023-01-06T19:45:43.1862812+01:00 level=error msg="Proxy request failed" err="dial tcp [::1]:8086: connectex: No connection could be made because the target machine actively refused it."
logger=context userId=1 orgId=1 uname=admin t=2023-01-06T19:45:43.1864638+01:00 level=error msg="Request Completed" method=GET path=/api/datasources/proxy/1/query status=502 remote_addr=[::1] time_ms=2302 duration=2.3029512s size=0 referer="http://localhost:3000/dashboard/new?orgId=1" handler=/api/datasources/proxy/:id/*
logger=context userId=1 orgId=1 uname=admin t=2023-01-06T19:48:54.9121309+01:00 level=info msg="Request Completed" method=GET path=/api/datasources/proxy/1/query status=499 remote_addr=[::1] time_ms=2179 duration=2.1797258s size=0 referer="http://localhost:3000/d/VYE2zV2Vz/new-dashboard?orgId=1&refresh=5s" handler=/api/datasources/proxy/:id/*
logger=context userId=1 orgId=1 uname=admin t=2023-01-06T19:48:54.9123463+01:00 level=info msg="Request Completed" method=GET path=/api/datasources/proxy/1/query status=499 remote_addr=[::1] time_ms=2179 duration=2.1794439s size=0 referer="http://localhost:3000/d/VYE2zV2Vz/new-dashboard?orgId=1&refresh=5s" handler=/api/datasources/proxy/:id/*
logger=settings t=2023-01-06T19:50:12.3110031+01:00 level=info msg="Starting Grafana" version=9.3.2 commit=21c1d14e91 branch=HEAD compiled=2022-12-14T11:40:18+01:00
logger=settings t=2023-01-06T19:50:12.3120911+01:00 level=info msg="Config loaded from" file="C:\\Program Files\\GrafanaLabs\\grafana/conf/defaults.ini"
logger=settings t=2023-01-06T19:50:12.3120911+01:00 level=info msg="Path Home" path="C:\\Program Files\\GrafanaLabs\\grafana"
logger=settings t=2023-01-06T19:50:12.3120911+01:00 level=info msg="Path Data" path="C:\\Program Files\\GrafanaLabs\\grafana\\data"
logger=settings t=2023-01-06T19:50:12.3120911+01:00 level=info msg="Path Logs" path="C:\\Program Files\\GrafanaLabs\\grafana\\data\\log"
logger=settings t=2023-01-06T19:50:12.3120911+01:00 level=info msg="Path Plugins" path="C:\\Program Files\\GrafanaLabs\\grafana\\data\\plugins"
logger=settings t=2023-01-06T19:50:12.3120911+01:00 level=info msg="Path Provisioning" path="C:\\Program Files\\GrafanaLabs\\grafana\\conf\\provisioning"
logger=settings t=2023-01-06T19:50:12.3120911+01:00 level=info msg="App mode production"
logger=sqlstore t=2023-01-06T19:50:12.3124989+01:00 level=info msg="Connecting to DB" dbtype=sqlite3
logger=sqlstore t=2023-01-06T19:50:12.3124989+01:00 level=warn msg="SQLite database file has broader permissions than it should" path="C:\\Program Files\\GrafanaLabs\\grafana\\data\\grafana.db" mode=-rw-rw-rw- expected=-rw-r-----
logger=migrator t=2023-01-06T19:50:12.3351113+01:00 level=info msg="Starting DB migrations"
logger=migrator t=2023-01-06T19:50:12.3406176+01:00 level=info msg="migrations completed" performed=0 skipped=551 duration=506.3µs
logger=licensing t=2023-01-06T19:50:12.3421115+01:00 level=info msg="Validated license token" appURL=http://localhost:3000/ source=disk status=NotFound
logger=plugin.loader t=2023-01-06T19:50:12.6083324+01:00 level=info msg="Plugin registered" pluginID=input
logger=plugin.finder t=2023-01-06T19:50:12.6088302+01:00 level=warn msg="Skipping finding plugins as directory does not exist" path="C:\\Program Files\\GrafanaLabs\\grafana\\data\\plugins"
logger=secrets t=2023-01-06T19:50:12.6093284+01:00 level=info msg="Envelope encryption state" enabled=true currentprovider=secretKey.v1
logger=query_data t=2023-01-06T19:50:12.6685351+01:00 level=info msg="Query Service initialization"
logger=live.push_http t=2023-01-06T19:50:12.6739867+01:00 level=info msg="Live Push Gateway initialization"
logger=settings t=2023-01-06T19:50:14.9548905+01:00 level=info msg="Starting Grafana" version=9.3.2 commit=21c1d14e91 branch=HEAD compiled=2022-12-14T11:40:18+01:00
logger=settings t=2023-01-06T19:50:14.9553916+01:00 level=info msg="Config loaded from" file="C:\\Program Files\\GrafanaLabs\\grafana/conf/defaults.ini"
logger=settings t=2023-01-06T19:50:14.9553916+01:00 level=info msg="Path Home" path="C:\\Program Files\\GrafanaLabs\\grafana"
logger=settings t=2023-01-06T19:50:14.9553916+01:00 level=info msg="Path Data" path="C:\\Program Files\\GrafanaLabs\\grafana\\data"
logger=settings t=2023-01-06T19:50:14.9553916+01:00 level=info msg="Path Logs" path="C:\\Program Files\\GrafanaLabs\\grafana\\data\\log"
logger=settings t=2023-01-06T19:50:14.9553916+01:00 level=info msg="Path Plugins" path="C:\\Program Files\\GrafanaLabs\\grafana\\data\\plugins"
logger=settings t=2023-01-06T19:50:14.9553916+01:00 level=info msg="Path Provisioning" path="C:\\Program Files\\GrafanaLabs\\grafana\\conf\\provisioning"
logger=settings t=2023-01-06T19:50:14.9553916+01:00 level=info msg="App mode production"
logger=sqlstore t=2023-01-06T19:50:14.9558951+01:00 level=info msg="Connecting to DB" dbtype=sqlite3
logger=sqlstore t=2023-01-06T19:50:14.9558951+01:00 level=warn msg="SQLite database file has broader permissions than it should" path="C:\\Program Files\\GrafanaLabs\\grafana\\data\\grafana.db" mode=-rw-rw-rw- expected=-rw-r-----
logger=migrator t=2023-01-06T19:50:14.9748936+01:00 level=info msg="Starting DB migrations"
logger=migrator t=2023-01-06T19:50:14.9799213+01:00 level=info msg="migrations completed" performed=0 skipped=551 duration=0s
logger=licensing t=2023-01-06T19:50:14.9809285+01:00 level=info msg="Validated license token" appURL=http://localhost:3000/ source=disk status=NotFound
logger=plugin.loader t=2023-01-06T19:50:15.0526992+01:00 level=info msg="Plugin registered" pluginID=input
logger=plugin.finder t=2023-01-06T19:50:15.0532+01:00 level=warn msg="Skipping finding plugins as directory does not exist" path="C:\\Program Files\\GrafanaLabs\\grafana\\data\\plugins"
logger=secrets t=2023-01-06T19:50:15.0532+01:00 level=info msg="Envelope encryption state" enabled=true currentprovider=secretKey.v1
logger=query_data t=2023-01-06T19:50:15.0597008+01:00 level=info msg="Query Service initialization"
logger=live.push_http t=2023-01-06T19:50:15.0627181+01:00 level=info msg="Live Push Gateway initialization"
logger=infra.usagestats.collector t=2023-01-06T19:50:15.2479451+01:00 level=info msg="registering usage stat providers" usageStatsProvidersLen=2
logger=provisioning.alerting t=2023-01-06T19:50:15.2589608+01:00 level=info msg="starting to provision alerting"
logger=provisioning.alerting t=2023-01-06T19:50:15.2589608+01:00 level=info msg="finished to provision alerting"
logger=ngalert.state.manager t=2023-01-06T19:50:15.2589608+01:00 level=info msg="Warming state cache for startup"
logger=grafanaStorageLogger t=2023-01-06T19:50:15.25996+01:00 level=info msg="storage starting"
logger=report t=2023-01-06T19:50:15.260466+01:00 level=warn msg="Scheduling and sending of reports disabled, SMTP is not configured and enabled. Configure SMTP to enable."
logger=ngalert.state.manager t=2023-01-06T19:50:15.25996+01:00 level=info msg="State cache has been initialized" states=0 duration=999.2µs
logger=ngalert.multiorg.alertmanager t=2023-01-06T19:50:15.260466+01:00 level=info msg="starting MultiOrg Alertmanager"
logger=ticker t=2023-01-06T19:50:15.260466+01:00 level=info msg=starting first_tick=2023-01-06T19:50:20+01:00
logger=http.server t=2023-01-06T19:50:15.3004932+01:00 level=info msg="HTTP Server Listen" address=[::]:3000 protocol=http subUrl= socket=
